<?xml version="1.0" encoding="UTF-8"?>
<!-- Generated by org.testng.reporters.JUnitReportReporter -->
<testsuite hostname="Sriram" failures="0" tests="2" name="MavenTest" time="6.196" errors="0" timestamp="25 Nov 2024 16:51:12 GMT" skipped="0">
  <testcase classname="MavenTest" name="openChrome" time="3.074"/>
  <testcase classname="MavenTest" name="closeChrome" time="3.122"/>
</testsuite> <!-- MavenTest -->
