<?xml version="1.0" encoding="UTF-8"?>
<!-- Generated by org.testng.reporters.JUnitReportReporter -->
<testsuite hostname="Sriram" failures="0" tests="2" name="MavenTest" time="6.041" errors="0" timestamp="30 Nov 2024 09:31:32 GMT" skipped="0">
  <testcase classname="MavenTest" name="openChrome" time="2.964"/>
  <testcase classname="MavenTest" name="closeChrome" time="3.077"/>
</testsuite> <!-- MavenTest -->
